rm -f obj/*.o
icc -c -o obj/ga-omp-sort.o ga-omp-sort.c -I./include -O3 -Wall -xHost -fno-alias -std=c99 -qopenmp
icc -c -o obj/timing.o timing.c -I./include -O3 -Wall -xHost -fno-alias -std=c99 -qopenmp
icc -o ga-omp-sort obj/ga-omp-sort.o obj/timing.o -I./include -O3 -Wall -xHost -fno-alias -std=c99 -qopenmp 


 OpenMP times

Number of threads =  4


A with pop size: 10, n: 4, beta: 50.0
========================================
Population Size:                      10
Number of Trials:                      3
Avg Number of Generations:    280.333333
Avg Time (ms):                  1.635335
Best Individual Fitness: +1.00000000e+00
Best Individual:         [1, 2, 3, 4]
========================================


A with pop size: 10, n: 4, beta: 0.5
========================================
Population Size:                      10
Number of Trials:                      3
Avg Number of Generations:    127.000000
Avg Time (ms):                  0.744385
Best Individual Fitness: +1.00000000e+00
Best Individual:         [1, 2, 3, 4]
========================================


A with pop size: 50, n: 4, beta: 50.0
========================================
Population Size:                      50
Number of Trials:                      3
Avg Number of Generations:    182.000000
Avg Time (ms):                 15.996908
Best Individual Fitness: +1.00000000e+00
Best Individual:         [1, 2, 3, 4]
========================================


A with pop size: 50, n: 4, beta: 0.5
========================================
Population Size:                      50
Number of Trials:                      3
Avg Number of Generations:     15.333333
Avg Time (ms):                  0.812581
Best Individual Fitness: +1.00000000e+00
Best Individual:         [1, 2, 3, 4]
========================================


A with pop size: 100, n: 4, beta: 50.0
========================================
Population Size:                     100
Number of Trials:                      3
Avg Number of Generations:      6.666667
Avg Time (ms):                  0.778971
Best Individual Fitness: +1.00000000e+00
Best Individual:         [1, 2, 3, 4]
========================================


A with pop size: 100, n: 4, beta: 0.5
========================================
Population Size:                     100
Number of Trials:                      3
Avg Number of Generations:      8.333333
Avg Time (ms):                  0.902669
Best Individual Fitness: +1.00000000e+00
Best Individual:         [1, 2, 3, 4]
========================================


A with pop size: 150, n: 4, beta: 50.0
========================================
Population Size:                     150
Number of Trials:                      3
Avg Number of Generations:    341.000000
Avg Time (ms):                274.024984
Best Individual Fitness: +1.00000000e+00
Best Individual:         [1, 2, 3, 4]
========================================


A with pop size: 150, n: 4, beta: 0.5
========================================
Population Size:                     150
Number of Trials:                      3
Avg Number of Generations:      8.000000
Avg Time (ms):                  2.227295
Best Individual Fitness: +1.00000000e+00
Best Individual:         [1, 2, 3, 4]
========================================


A with pop size: 1000, n: 4, beta: 50.0
========================================
Population Size:                    1000
Number of Trials:                      3
Avg Number of Generations:      3.666667
Avg Time (ms):                  6.542236
Best Individual Fitness: +1.00000000e+00
Best Individual:         [1, 2, 3, 4]
========================================


A with pop size: 1000, n: 4, beta: 0.5
========================================
Population Size:                    1000
Number of Trials:                      3
Avg Number of Generations:      4.666667
Avg Time (ms):                  8.831299
Best Individual Fitness: +1.00000000e+00
Best Individual:         [1, 2, 3, 4]
========================================
0.94
Number of threads =  5


B with pop size: 10, n: 5, rand: 0.0
========================================
Population Size:                      10
Number of Trials:                      3
Avg Number of Generations:     42.666667
Avg Time (ms):                  0.339681
Best Individual Fitness: +1.00000000e+00
Best Individual:         [1, 5, 3, 2, 4]
========================================


B with pop size: 10, n: 5, rand: 1.0
========================================
Population Size:                      10
Number of Trials:                      3
Avg Number of Generations:     42.666667
Avg Time (ms):                  0.328044
Best Individual Fitness: +1.00000000e+00
Best Individual:         [1, 5, 3, 2, 4]
========================================


B with pop size: 50, n: 5, rand: 0.0
========================================
Population Size:                      50
Number of Trials:                      3
Avg Number of Generations:      7.333333
Avg Time (ms):                  0.506266
Best Individual Fitness: +1.00000000e+00
Best Individual:         [2, 4, 5, 1, 3]
========================================


B with pop size: 50, n: 5, rand: 1.0
========================================
Population Size:                      50
Number of Trials:                      3
Avg Number of Generations:      5.000000
Avg Time (ms):                  0.319661
Best Individual Fitness: +1.00000000e+00
Best Individual:         [3, 4, 2, 5, 1]
========================================


B with pop size: 100, n: 5, rand: 0.0
========================================
Population Size:                     100
Number of Trials:                      3
Avg Number of Generations:      6.000000
Avg Time (ms):                  0.945312
Best Individual Fitness: +1.00000000e+00
Best Individual:         [4, 2, 3, 1, 5]
========================================


B with pop size: 100, n: 5, rand: 1.0
========================================
Population Size:                     100
Number of Trials:                      3
Avg Number of Generations:      5.000000
Avg Time (ms):                  0.772054
Best Individual Fitness: +1.00000000e+00
Best Individual:         [1, 5, 3, 2, 4]
========================================


B with pop size: 150, n: 5, rand: 0.0
========================================
Population Size:                     150
Number of Trials:                      3
Avg Number of Generations:      3.000000
Avg Time (ms):                  0.796305
Best Individual Fitness: +1.00000000e+00
Best Individual:         [1, 3, 4, 5, 2]
========================================


B with pop size: 150, n: 5, rand: 1.0
========================================
Population Size:                     150
Number of Trials:                      3
Avg Number of Generations:      2.666667
Avg Time (ms):                  0.723389
Best Individual Fitness: +1.00000000e+00
Best Individual:         [4, 2, 3, 1, 5]
========================================


B with pop size: 1000, n: 5, rand: 0.0
========================================
Population Size:                    1000
Number of Trials:                      3
Avg Number of Generations:      1.666667
Avg Time (ms):                  4.816406
Best Individual Fitness: +1.00000000e+00
Best Individual:         [4, 3, 2, 5, 1]
========================================


B with pop size: 1000, n: 5, rand: 1.0
========================================
Population Size:                    1000
Number of Trials:                      3
Avg Number of Generations:      1.666667
Avg Time (ms):                  5.017660
Best Individual Fitness: +1.00000000e+00
Best Individual:         [3, 1, 2, 5, 4]
========================================
0.04
